  priority_collection_2.cpp
c:\users\n\source\repos\c-plus-plus-modern-development\c-plus-plus-red\prioritycollection\prioritycollection\priority_collection_2.cpp(86): error C2679: binary '=': no operator found which takes a right-hand operand of type 'nullptr' (or there is no acceptable conversion)
  c:\program files (x86)\microsoft visual studio\2017\enterprise\vc\tools\msvc\14.16.27023\include\utility(276): note: could be 'std::pair<T,std::_Tree_const_iterator<std::_Tree_val<std::_Tree_simple_types<_Ty>>>> &std::pair<T,std::_Tree_const_iterator<std::_Tree_val<std::_Tree_simple_types<_Ty>>>>::operator =(volatile const std::pair<T,std::_Tree_const_iterator<std::_Tree_val<std::_Tree_simple_types<_Ty>>>> &)'
          with
          [
              T=StringNonCopyable,
              _Ty=std::pair<size_t,PriorityCollection<T>::Id>
          ]
  c:\users\n\source\repos\c-plus-plus-modern-development\c-plus-plus-red\prioritycollection\prioritycollection\priority_collection_2.cpp(86): note: while trying to match the argument list '(_Ty, nullptr)'
          with
          [
              _Ty=std::pair<StringNonCopyable,std::_Tree_const_iterator<std::_Tree_val<std::_Tree_simple_types<std::pair<size_t,PriorityCollection<T>::Id>>>>>
          ]
  c:\users\n\source\repos\c-plus-plus-modern-development\c-plus-plus-red\prioritycollection\prioritycollection\priority_collection_2.cpp(83): note: while compiling class template member function 'std::pair<T,int> PriorityCollection<T>::PopMax(void)'
          with
          [
              T=StringNonCopyable
          ]
  c:\users\n\source\repos\c-plus-plus-modern-development\c-plus-plus-red\prioritycollection\prioritycollection\priority_collection_2.cpp(119): note: see reference to function template instantiation 'std::pair<T,int> PriorityCollection<T>::PopMax(void)' being compiled
          with
          [
              T=StringNonCopyable
          ]
  c:\users\n\source\repos\c-plus-plus-modern-development\c-plus-plus-red\prioritycollection\prioritycollection\priority_collection_2.cpp(108): note: see reference to class template instantiation 'PriorityCollection<StringNonCopyable>' being compiled
c:\users\n\source\repos\c-plus-plus-modern-development\c-plus-plus-red\prioritycollection\prioritycollection\priority_collection_2.cpp(88): error C2440: 'return': cannot convert from 'initializer list' to 'std::pair<T,int>'
          with
          [
              T=StringNonCopyable
          ]
  c:\users\n\source\repos\c-plus-plus-modern-development\c-plus-plus-red\prioritycollection\prioritycollection\priority_collection_2.cpp(88): note: No constructor could take the source type, or constructor overload resolution was ambiguous
