  main.cpp
  paginator.cpp
c:\users\n\source\repos\c-plus-plus-modern-development\c-plus-plus-red\searchsystem\searchsystem\paginator.cpp(32): warning C4018: '<': signed/unsigned mismatch
  c:\users\n\source\repos\c-plus-plus-modern-development\c-plus-plus-red\searchsystem\searchsystem\paginator.cpp(28): note: while compiling class template member function 'Paginator<std::_String_const_iterator<std::_String_val<std::_Simple_types<_Ty>>>>::Paginator(Iterator,Iterator,size_t)'
          with
          [
              _Ty=char,
              Iterator=std::_String_const_iterator<std::_String_val<std::_Simple_types<char>>>
          ]
  c:\users\n\source\repos\c-plus-plus-modern-development\c-plus-plus-red\searchsystem\searchsystem\paginator.cpp(50): note: see reference to function template instantiation 'Paginator<std::_String_const_iterator<std::_String_val<std::_Simple_types<_Ty>>>>::Paginator(Iterator,Iterator,size_t)' being compiled
          with
          [
              _Ty=char,
              Iterator=std::_String_const_iterator<std::_String_val<std::_Simple_types<char>>>
          ]
  c:\users\n\source\repos\c-plus-plus-modern-development\c-plus-plus-red\searchsystem\searchsystem\paginator.cpp(50): note: see reference to class template instantiation 'Paginator<std::_String_const_iterator<std::_String_val<std::_Simple_types<_Ty>>>>' being compiled
          with
          [
              _Ty=char
          ]
  c:\users\n\source\repos\c-plus-plus-modern-development\c-plus-plus-red\searchsystem\searchsystem\paginator.cpp(110): note: see reference to function template instantiation 'Paginator<std::_String_const_iterator<std::_String_val<std::_Simple_types<_Ty>>>> Paginate<const std::string>(C &,size_t)' being compiled
          with
          [
              _Ty=char,
              C=const std::string
          ]
  c:\users\n\source\repos\c-plus-plus-modern-development\c-plus-plus-red\searchsystem\searchsystem\paginator.cpp(96): note: see reference to class template instantiation 'Paginator<std::_String_iterator<std::_String_val<std::_Simple_types<_Ty>>>>' being compiled
          with
          [
              _Ty=char
          ]
  c:\users\n\source\repos\c-plus-plus-modern-development\c-plus-plus-red\searchsystem\searchsystem\paginator.cpp(83): note: see reference to class template instantiation 'IteratorRange<Iterator>' being compiled
          with
          [
              Iterator=std::_Vector_iterator<std::_Vector_val<std::_Simple_types<std::string>>>
          ]
  c:\users\n\source\repos\c-plus-plus-modern-development\c-plus-plus-red\searchsystem\searchsystem\paginator.cpp(50): note: see reference to class template instantiation 'Paginator<std::_Vector_iterator<std::_Vector_val<std::_Simple_types<_Ty>>>>' being compiled
          with
          [
              _Ty=std::string
          ]
  c:\users\n\source\repos\c-plus-plus-modern-development\c-plus-plus-red\searchsystem\searchsystem\paginator.cpp(83): note: see reference to function template instantiation 'Paginator<std::_Vector_iterator<std::_Vector_val<std::_Simple_types<_Ty>>>> Paginate<std::vector<_Ty,std::allocator<_Ty>>>(C &,size_t)' being compiled
          with
          [
              _Ty=std::string,
              C=std::vector<std::string,std::allocator<std::string>>
          ]
  c:\users\n\source\repos\c-plus-plus-modern-development\c-plus-plus-red\searchsystem\searchsystem\paginator.cpp(71): note: see reference to class template instantiation 'IteratorRange<Iterator>' being compiled
          with
          [
              Iterator=std::_Vector_iterator<std::_Vector_val<std::_Simple_types<int>>>
          ]
  c:\users\n\source\repos\c-plus-plus-modern-development\c-plus-plus-red\searchsystem\searchsystem\paginator.cpp(50): note: see reference to class template instantiation 'Paginator<std::_Vector_iterator<std::_Vector_val<std::_Simple_types<_Ty>>>>' being compiled
          with
          [
              _Ty=int
          ]
  c:\users\n\source\repos\c-plus-plus-modern-development\c-plus-plus-red\searchsystem\searchsystem\paginator.cpp(55): note: see reference to function template instantiation 'Paginator<std::_Vector_iterator<std::_Vector_val<std::_Simple_types<_Ty>>>> Paginate<std::vector<_Ty,std::allocator<_Ty>>>(C &,size_t)' being compiled
          with
          [
              _Ty=int,
              C=std::vector<int,std::allocator<int>>
          ]
c:\users\n\source\repos\c-plus-plus-modern-development\c-plus-plus-red\searchsystem\searchsystem\paginator.cpp(36): warning C4018: '<': signed/unsigned mismatch
  parse.cpp
  search_server.cpp
  Generating Code...
paginator.obj : error LNK2005: _main already defined in main.obj
C:\Users\N\source\repos\C-plus-plus-modern-development\c-plus-plus-red\SearchSystem\Debug\SearchSystem.exe : fatal error LNK1169: one or more multiply defined symbols found
